# JRE version: Java(TM) SE Runtime Environment (7.0_80-b15) (build 1.7.0_80-b15)
# Java VM: Java HotSpot(TM) 64-Bit Server VM (24.80-b11 mixed mode linux-amd64 compressed oops)
Heap
 PSYoungGen      total 260096K, used 259584K [0x00000000f0000000, 0x0000000100000000, 0x0000000100000000)
  eden space 258048K, 100% used [0x00000000f0000000,0x00000000ffc00000,0x00000000ffc00000)
  from space 2048K, 75% used [0x00000000ffe00000,0x00000000fff80050,0x0000000100000000)
  to   space 2048K, 0% used [0x00000000ffc00000,0x00000000ffc00000,0x00000000ffe00000)
 ParOldGen       total 524288K, used 291608K [0x00000000d0000000, 0x00000000f0000000, 0x00000000f0000000)
  object space 524288K, 55% used [0x00000000d0000000,0x00000000e1cc6010,0x00000000f0000000)
 PSPermGen       total 74752K, used 74251K [0x00000000c0000000, 0x00000000c4900000, 0x00000000d0000000)
  object space 74752K, 99% used [0x00000000c0000000,0x00000000c4882d48,0x00000000c4900000)
GC Heap History (10 events):
Event: 1960,843 GC heap before
{Heap before GC invocations=5086 (full 901):
 PSYoungGen      total 260096K, used 259616K [0x00000000f0000000, 0x0000000100000000, 0x0000000100000000)
  eden space 258048K, 100% used [0x00000000f0000000,0x00000000ffc00000,0x00000000ffc00000)
  from space 2048K, 76% used [0x00000000ffc00000,0x00000000ffd88050,0x00000000ffe00000)
  to   space 2048K, 0% used [0x00000000ffe00000,0x00000000ffe00000,0x0000000100000000)
 ParOldGen       total 524288K, used 291608K [0x00000000d0000000, 0x00000000f0000000, 0x00000000f0000000)
  object space 524288K, 55% used [0x00000000d0000000,0x00000000e1cc6010,0x00000000f0000000)
 PSPermGen       total 74752K, used 74251K [0x00000000c0000000, 0x00000000c4900000, 0x00000000d0000000)
  object space 74752K, 99% used [0x00000000c0000000,0x00000000c4882d48,0x00000000c4900000)
Event: 1960,848 GC heap after
Heap after GC invocations=5086 (full 901):
 PSYoungGen      total 260096K, used 1504K [0x00000000f0000000, 0x0000000100000000, 0x0000000100000000)
  eden space 258048K, 0% used [0x00000000f0000000,0x00000000f0000000,0x00000000ffc00000)
  from space 2048K, 73% used [0x00000000ffe00000,0x00000000fff78050,0x0000000100000000)
  to   space 2048K, 0% used [0x00000000ffc00000,0x00000000ffc00000,0x00000000ffe00000)
 ParOldGen       total 524288K, used 291608K [0x00000000d0000000, 0x00000000f0000000, 0x00000000f0000000)
  object space 524288K, 55% used [0x00000000d0000000,0x00000000e1cc6010,0x00000000f0000000)
 PSPermGen       total 74752K, used 74251K [0x00000000c0000000, 0x00000000c4900000, 0x00000000d0000000)
  object space 74752K, 99% used [0x00000000c0000000,0x00000000c4882d48,0x00000000c4900000)
}
Event: 1960,927 GC heap before
{Heap before GC invocations=5087 (full 901):
 PSYoungGen      total 260096K, used 259552K [0x00000000f0000000, 0x0000000100000000, 0x0000000100000000)
  eden space 258048K, 100% used [0x00000000f0000000,0x00000000ffc00000,0x00000000ffc00000)
  from space 2048K, 73% used [0x00000000ffe00000,0x00000000fff78050,0x0000000100000000)
  to   space 2048K, 0% used [0x00000000ffc00000,0x00000000ffc00000,0x00000000ffe00000)
 ParOldGen       total 524288K, used 291608K [0x00000000d0000000, 0x00000000f0000000, 0x00000000f0000000)
  object space 524288K, 55% used [0x00000000d0000000,0x00000000e1cc6010,0x00000000f0000000)
 PSPermGen       total 74752K, used 74251K [0x00000000c0000000, 0x00000000c4900000, 0x00000000d0000000)
  object space 74752K, 99% used [0x00000000c0000000,0x00000000c4882d48,0x00000000c4900000)
Event: 1960,933 GC heap after
Heap after GC invocations=5087 (full 901):
 PSYoungGen      total 260096K, used 1536K [0x00000000f0000000, 0x0000000100000000, 0x0000000100000000)
  eden space 258048K, 0% used [0x00000000f0000000,0x00000000f0000000,0x00000000ffc00000)
  from space 2048K, 75% used [0x00000000ffc00000,0x00000000ffd80050,0x00000000ffe00000)
  to   space 2048K, 0% used [0x00000000ffe00000,0x00000000ffe00000,0x0000000100000000)
 ParOldGen       total 524288K, used 291608K [0x00000000d0000000, 0x00000000f0000000, 0x00000000f0000000)
  object space 524288K, 55% used [0x00000000d0000000,0x00000000e1cc6010,0x00000000f0000000)
 PSPermGen       total 74752K, used 74251K [0x00000000c0000000, 0x00000000c4900000, 0x00000000d0000000)
  object space 74752K, 99% used [0x00000000c0000000,0x00000000c4882d48,0x00000000c4900000)
}
Event: 1961,008 GC heap before
{Heap before GC invocations=5088 (full 901):
 PSYoungGen      total 260096K, used 259584K [0x00000000f0000000, 0x0000000100000000, 0x0000000100000000)
  eden space 258048K, 100% used [0x00000000f0000000,0x00000000ffc00000,0x00000000ffc00000)
  from space 2048K, 75% used [0x00000000ffc00000,0x00000000ffd80050,0x00000000ffe00000)
  to   space 2048K, 0% used [0x00000000ffe00000,0x00000000ffe00000,0x0000000100000000)
 ParOldGen       total 524288K, used 291608K [0x00000000d0000000, 0x00000000f0000000, 0x00000000f0000000)
  object space 524288K, 55% used [0x00000000d0000000,0x00000000e1cc6010,0x00000000f0000000)
 PSPermGen       total 74752K, used 74251K [0x00000000c0000000, 0x00000000c4900000, 0x00000000d0000000)
  object space 74752K, 99% used [0x00000000c0000000,0x00000000c4882d48,0x00000000c4900000)
Event: 1961,014 GC heap after
Heap after GC invocations=5088 (full 901):
 PSYoungGen      total 260096K, used 1568K [0x00000000f0000000, 0x0000000100000000, 0x0000000100000000)
  eden space 258048K, 0% used [0x00000000f0000000,0x00000000f0000000,0x00000000ffc00000)
  from space 2048K, 76% used [0x00000000ffe00000,0x00000000fff88050,0x0000000100000000)
  to   space 2048K, 0% used [0x00000000ffc00000,0x00000000ffc00000,0x00000000ffe00000)
 ParOldGen       total 524288K, used 291608K [0x00000000d0000000, 0x00000000f0000000, 0x00000000f0000000)
  object space 524288K, 55% used [0x00000000d0000000,0x00000000e1cc6010,0x00000000f0000000)
 PSPermGen       total 74752K, used 74251K [0x00000000c0000000, 0x00000000c4900000, 0x00000000d0000000)
  object space 74752K, 99% used [0x00000000c0000000,0x00000000c4882d48,0x00000000c4900000)
}
Event: 1961,098 GC heap before
{Heap before GC invocations=5089 (full 901):
 PSYoungGen      total 260096K, used 259616K [0x00000000f0000000, 0x0000000100000000, 0x0000000100000000)
  eden space 258048K, 100% used [0x00000000f0000000,0x00000000ffc00000,0x00000000ffc00000)
  from space 2048K, 76% used [0x00000000ffe00000,0x00000000fff88050,0x0000000100000000)
  to   space 2048K, 0% used [0x00000000ffc00000,0x00000000ffc00000,0x00000000ffe00000)
 ParOldGen       total 524288K, used 291608K [0x00000000d0000000, 0x00000000f0000000, 0x00000000f0000000)
  object space 524288K, 55% used [0x00000000d0000000,0x00000000e1cc6010,0x00000000f0000000)
 PSPermGen       total 74752K, used 74251K [0x00000000c0000000, 0x00000000c4900000, 0x00000000d0000000)
  object space 74752K, 99% used [0x00000000c0000000,0x00000000c4882d48,0x00000000c4900000)
Event: 1961,104 GC heap after
Heap after GC invocations=5089 (full 901):
 PSYoungGen      total 260096K, used 1536K [0x00000000f0000000, 0x0000000100000000, 0x0000000100000000)
  eden space 258048K, 0% used [0x00000000f0000000,0x00000000f0000000,0x00000000ffc00000)
  from space 2048K, 75% used [0x00000000ffc00000,0x00000000ffd80050,0x00000000ffe00000)
  to   space 2048K, 0% used [0x00000000ffe00000,0x00000000ffe00000,0x0000000100000000)
 ParOldGen       total 524288K, used 291608K [0x00000000d0000000, 0x00000000f0000000, 0x00000000f0000000)
  object space 524288K, 55% used [0x00000000d0000000,0x00000000e1cc6010,0x00000000f0000000)
 PSPermGen       total 74752K, used 74251K [0x00000000c0000000, 0x00000000c4900000, 0x00000000d0000000)
  object space 74752K, 99% used [0x00000000c0000000,0x00000000c4882d48,0x00000000c4900000)
}
Event: 1961,180 GC heap before
{Heap before GC invocations=5090 (full 901):
 PSYoungGen      total 260096K, used 259584K [0x00000000f0000000, 0x0000000100000000, 0x0000000100000000)
  eden space 258048K, 100% used [0x00000000f0000000,0x00000000ffc00000,0x00000000ffc00000)
  from space 2048K, 75% used [0x00000000ffc00000,0x00000000ffd80050,0x00000000ffe00000)
  to   space 2048K, 0% used [0x00000000ffe00000,0x00000000ffe00000,0x0000000100000000)
 ParOldGen       total 524288K, used 291608K [0x00000000d0000000, 0x00000000f0000000, 0x00000000f0000000)
  object space 524288K, 55% used [0x00000000d0000000,0x00000000e1cc6010,0x00000000f0000000)
 PSPermGen       total 74752K, used 74251K [0x00000000c0000000, 0x00000000c4900000, 0x00000000d0000000)
  object space 74752K, 99% used [0x00000000c0000000,0x00000000c4882d48,0x00000000c4900000)
Event: 1961,186 GC heap after
Heap after GC invocations=5090 (full 901):
 PSYoungGen      total 260096K, used 1536K [0x00000000f0000000, 0x0000000100000000, 0x0000000100000000)
  eden space 258048K, 0% used [0x00000000f0000000,0x00000000f0000000,0x00000000ffc00000)
  from space 2048K, 75% used [0x00000000ffe00000,0x00000000fff80050,0x0000000100000000)
  to   space 2048K, 0% used [0x00000000ffc00000,0x00000000ffc00000,0x00000000ffe00000)
 ParOldGen       total 524288K, used 291608K [0x00000000d0000000, 0x00000000f0000000, 0x00000000f0000000)
  object space 524288K, 55% used [0x00000000d0000000,0x00000000e1cc6010,0x00000000f0000000)
 PSPermGen       total 74752K, used 74251K [0x00000000c0000000, 0x00000000c4900000, 0x00000000d0000000)
  object space 74752K, 99% used [0x00000000c0000000,0x00000000c4882d48,0x00000000c4900000)
}

